president number 1 was George Washington
president number 2 was John Adams
president number 3 was Thomas Jefferson
president number 4 was James Madison
president number 5 was James Monroe
president number 6 was John Quincy Adams
president number 7 was Andrew Jackson
president number 8 was Martin Van Buren
president number 9 was William Henry Harrison
president number 10 was John Tyler
president number 11 was James K. Polk
president number 12 was Zachary Taylor
president number 13 was Millard Fillmore
president number 14 was Franklin Pierce
president number 15 was James Buchanan
president number 16 was Abraham Lincoln
president number 17 was Andrew Johnson
president number 18 was Ulysses S. Grant
president number 19 was Rutherford B. Hayes
president number 20 was James A. Garfield
president number 21 was Chester A. Arthur
president number 22 was Grover Cleveland
president number 23 was Benjamin Harrison
president number 24 was Grover Cleveland (2nd term)
president number 25 was William McKinley
president number 26 was Theodore Roosevelt
president number 27 was William Howard Taft
president number 28 was Woodrow Wilson
president number 29 was Warren G. Harding
president number 30 was Calvin Coolidge
president number 31 was Herbert Hoover
president number 32 was Franklin D. Roosevelt
president number 33 was Harry S. Truman
president number 34 was Dwight D. Eisenhower
president number 35 was John F. Kennedy
president number 36 was Lyndon B. Johnson
president number 37 was Richard Nixon
president number 38 was Gerald Ford
president number 39 was Jimmy Carter
president number 40 was Ronald Reagan
president number 41 was George H. W. Bush
president number 42 was Bill Clinton
president number 43 was George W. Bush
president number 44 was Barack Obama
